OpenIDE-Module-Name=GSF Test Runner
TITLE_TEST_RESULTS=Test Results
ResultWindowOpenAction.MenuName=&Test Results
ACSN_TestResults=Test Results
ACSD_TestResults=Displays information about passed and failed tests and output generated by them
ACSN_FilterButton=Filter On/Off
ACSN_ShowPassedButton=Show results of the passed tests
ACSN_ShowFailedButton=Show results of the failed tests
ACSN_ShowErrorButton=Show results of the error tests
ACSN_ShowPassedWithErrorsButton=Show results of the passed with errors tests
ACSN_ShowIgnoredButton=Show results of the ignored tests
ACSN_ShowSkippedButton=Show results of the skipped tests
ACSN_RerunButton = Rerun
ACSN_RerunFailedButton = Rerun failed
ACSN_ResultPanelTree=Information about passed and failed tests
ACSD_ResultPanelTree=Displays in a tree structure information about passed, failed and erroneous tests
ACSN_HorizontalScrollbar=Horizontal scrollbar of the results panel
ACSN_OutputTextPane=Test Output
ACSD_OutputTextPane=Displays output and error output generated by executed test methods

# {0} .. name of the test class
MSG_TestsuiteNoname=Test suite
MSG_TestsuiteRunning={0} - running...
MSG_TestsuiteRunningNoname=Test suite running...
MSG_TestsuiteAborted={0} - Aborted
MSG_TestsuiteFailed={0} - Failed
MSG_TestsuitePending={0} - Pending
MSG_TestsuiteSkipped={0} - Skipped
MSG_TestsuiteRunning_HTML=running...
MSG_TestsuitePassed_HTML=passed
MSG_TestsuitePassedWithErrors_HTML=passed with errors
MSG_TestsuiteFailed_HTML=Failed
MSG_TestsuitePending_HTML=Pending
MSG_TestsuiteAborted_HTML=Aborted
MSG_TestsuiteSkipped_HTML=Skipped

# {0} .. name of the test method
MSG_TestMethodFailed={0} - Failed
MSG_TestMethodPending={0} - Pending
MSG_TestMethodError={0} - caused an ERROR
MSG_TestMethodPassed_HTML=passed
MSG_TestMethodPassedWithErrors_HTML=passed with errors
MSG_TestMethodFailed_HTML=Failed
MSG_TestMethodPending_HTML=Pending
MSG_TestMethodSkipped_HTML=Skipped
MSG_TestMethodError_HTML=caused an ERROR
MSG_TestMethodAborted_HTML=Aborted
MSG_TestMethodIgnored_HTML=Ignored

# {0} .. name of the test method, {1} .. elapsed time in seconds
MSG_TestMethodPassed_time={0}  ({1,number,0.0##} s)
MSG_TestMethodFailed_time={0} - FAILED  ({1,number,0.0##} s)
MSG_TestMethodPending_time={0} - PENDING ({1,number,0.0##} s)
MSG_TestMethodError_time={0} - caused an ERROR  ({1,number,0.0##} s)
MSG_TestMethodPassed_HTML_time=passed  ({0,number,0.0##} s)
MSG_TestMethodPassedWithErrors_HTML_time=passed with errors  ({0,number,0.0##} s)
MSG_TestMethodFailed_HTML_time=FAILED  ({0,number,0.0##} s)
MSG_TestMethodPending_HTML_time=PENDING  ({0,number,0.0##} s)
MSG_TestMethodSkipped_HTML_time=SKIPPED ({0,number,0.0##} s)
MSG_TestMethodError_HTML_time=caused an ERROR  ({0,number,0.0##} s)
MSG_TestMethodAborted_HTML_time=Aborted  ({0,number,0.0##} s)
MSG_TestMethodIgnored_HTML_time=Ignored  ({0,number,0.0##} s)

MSG_TestMethodPassed_HTML_cause=passed
MSG_TestMethodPassedWithErrors_HTML_cause=passed with errors
MSG_TestMethodFailed_HTML_cause=Failed: {0}
MSG_TestMethodPending_HTML_cause=Pending: {0}
MSG_TestMethodSkipped_HTML_cause=Skipped: {0}
MSG_TestMethodError_HTML_cause=caused an ERROR: {0}
MSG_TestMethodAborted_HTML_cause=Aborted: {0}
MSG_TestMethodIgnored_HTML_cause=Ignored: {0}

MSG_StdOutput=Standard Output:
MSG_ErrOutput=Error Output:

#
StatisticsPanel.btnShowPassed=Show Passed
StatisticsPanel.btnShowFailed=Show Failed
StatisticsPanel.btnShowError=Show Error
StatisticsPanel.btnShowPassedWithErrors=Show Passed with Errors
StatisticsPanel.btnShowIgnored=Show Ignored
StatisticsPanel.btnShowSkipped=Show Skipped

MultiviewPanel.rerunButton.tooltip=Rerun
MultiviewPanel.rerunFailedButton.tooltip=Rerun failed

LBL_RunningTests=Running...

MSG_Error = {0}) Error:
MSG_Failure = {0}) Failure:

MSG_NextFailure = Next Failure - Ctrl+Period
MSG_PreviousFailure = Previous Failure - Ctrl+Comma
# test results summary
MSG_TestSessionStarting = Running {0}...
MSG_TestSessionFinished = Finished in {0,number,0.0##} seconds.
MSG_TestSessionFinishedSummary = {0} tests, {1} failures, {2} errors

# actions for a test method node
LBL_RerunTest= &Run Again
LBL_DebugTest= &Debug
LBL_GoToSource = &Go to Source
LBL_ViewDiff = &View Difference
# titles for diff views
LBL_Expected = Expected
LBL_Actual = Actual
LBL_Diff = Differences
LBL_OK = OK

# displayed in tooltip of a test case / suite when there is no output for it
MSG_NoOutput = No output.
MSG_MoreOutput = {0} lines not displayed.
MSG_CharsOmitted = ...({0} chars omitted)

LBL_CloseWindow=Close Tab
LBL_CloseAll=Close All Tabs
LBL_CloseAllButCurrent=Close Other Tabs

MSG_NoTestTarget_Fo=Unable to locate test package folders for folder "{0}". The project must contain a test package folder to create tests. You can designate test package folders for your project in the Sources pane of the project Properties dialog.
MSG_NoTestTarget_Fi=Unable to locate test package folder for file "{0}". The project must contain a test package folder to create tests. You can designate test package folders for your project in the Sources pane of the project Properties dialog.

LBL_Action_RunTestMethod=Run Focused Test
LBL_Action_DebugTestMethod=Debug Focused Test
